<?xml version="1.0" encoding="UTF-8"?>
<testng-results ignored="0" total="1" passed="1" failed="0" skipped="0">
  <reporter-output>
  </reporter-output>
  <suite started-at="2025-07-19T21:23:01 IST" name="Default suite" finished-at="2025-07-19T21:23:24 IST" duration-ms="23072">
    <groups>
    </groups>
    <test started-at="2025-07-19T21:23:01 IST" name="Default test" finished-at="2025-07-19T21:23:24 IST" duration-ms="23072">
      <class name="Testcases.TC01_ClickOnAmazonSignInButton">
        <test-method is-config="true" signature="SetUpBrowser()[pri:0, instance:Testcases.TC01_ClickOnAmazonSignInButton@76f4b65]" started-at="2025-07-19T21:23:01 IST" name="SetUpBrowser" finished-at="2025-07-19T21:23:16 IST" duration-ms="15504" status="PASS">
          <reporter-output>
          </reporter-output>
        </test-method> <!-- SetUpBrowser -->
        <test-method signature="VerifyClickOnAmazonSignInButton()[pri:0, instance:Testcases.TC01_ClickOnAmazonSignInButton@76f4b65]" started-at="2025-07-19T21:23:17 IST" name="VerifyClickOnAmazonSignInButton" description="Verifying Amazon login UI pages.." finished-at="2025-07-19T21:23:23 IST" duration-ms="6366" status="PASS">
          <reporter-output>
          </reporter-output>
        </test-method> <!-- VerifyClickOnAmazonSignInButton -->
        <test-method is-config="true" signature="CloseBrowser()[pri:0, instance:Testcases.TC01_ClickOnAmazonSignInButton@76f4b65]" started-at="2025-07-19T21:23:23 IST" name="CloseBrowser" finished-at="2025-07-19T21:23:24 IST" duration-ms="881" status="PASS">
          <reporter-output>
          </reporter-output>
        </test-method> <!-- CloseBrowser -->
      </class> <!-- Testcases.TC01_ClickOnAmazonSignInButton -->
    </test> <!-- Default test -->
  </suite> <!-- Default suite -->
</testng-results>
